%MSG-i MF_INIT_OK:  Early 03-Mar-2026 19:16:22 CST JobSetup
Messagelogger initialization complete.
%MSG
Error: Unsupported GDML Tag Used :gdml_simple_extension. Please Check Geometry/Schema.
%MSG-i AuxDetGeometryCore:  Early 03-Mar-2026 19:16:28 CST JobSetup
New detector geometry loaded from
	/cvmfs/sbnd.opensciencegrid.org/products/sbnd/sbndcode/v10_14_02_03/gdml/sbnd_v02_06.gdml
%MSG
%MSG-i GeometryCore:  Early 03-Mar-2026 19:16:28 CST JobSetup
Sorting volumes...
%MSG
%MSG-i GeometryCore:  Early 03-Mar-2026 19:16:28 CST JobSetup
New detector geometry loaded from
	/cvmfs/sbnd.opensciencegrid.org/products/sbnd/sbndcode/v10_14_02_03/gdml/sbnd_v02_06.gdml
%MSG
%MSG-i WireReadoutStandardGeom:  Early 03-Mar-2026 19:16:28 CST JobSetup
Initializing standard wire-readout geometry...
%MSG
%MSG-i StandardWireReadout:  Early 03-Mar-2026 19:16:28 CST JobSetup
Loading wire readout: WireReadoutStandardGeom
%MSG
%MSG-i SimpleChannelStatusService:  Early 03-Mar-2026 19:16:28 CST JobSetup
Loaded from configuration:
  - 90 bad channels
  - 3 noisy channels
  - largest channel ID: 11275, largest present: 11275
%MSG
%MSG-i setupProvider<DetectorPropertiesStandard>:  Early  03-Mar-2026 19:16:28 CST JobSetup
Asked to ignore 1 keys: 'InheritNumberTimeSamples'
%MSG
Opening /cvmfs/sbnd.opensciencegrid.org/products/sbnd/sbnd_data/v01_42_00/SCEoffsets/SCEoffsets_SBND_E500_dualmap_CV_voxelTH3.root
begin loading voxelized TH3s...
...finished loading TH3s
%MSG-i RANDOM:  CAFMaker:cafmaker@Construction 03-Mar-2026 19:16:28 CST  ModuleConstruction
Instantiated HepJamesRandom engine "cafmaker:0:FakeReco" with seed 0.
%MSG
%MSG-i NuRandomService:  CAFMaker:cafmaker@Construction  03-Mar-2026 19:16:28 CST ModuleConstruction
Seeding HepJamesRandom engine "cafmaker:FakeReco" with seed 0.
%MSG
%MSG-i RANDOM:  CAFMaker:cafmaker@Construction 03-Mar-2026 19:16:28 CST  ModuleConstruction
Instantiated HepJamesRandom engine "cafmaker:0:Blinding" with seed 0.
%MSG
%MSG-i NuRandomService:  CAFMaker:cafmaker@Construction  03-Mar-2026 19:16:28 CST ModuleConstruction
Seeding HepJamesRandom engine "cafmaker:Blinding" with seed 0.
%MSG
03-Mar-2026 19:16:28 CST  Initiating request to open input file "/exp/sbnd/app/users/twester/analysis/filter/gen.root"
%MSG-i Root_Information:  TriggerResultInserter:TriggerResults@Construction  TClass::Init() 03-Mar-2026 19:16:28 CST ModuleConstruction
no dictionary for class sim::IDE is available
ROOT severity: 2000
%MSG
03-Mar-2026 19:16:28 CST  Opened input file "/exp/sbnd/app/users/twester/analysis/filter/gen.root"
%MSG-i CAFMaker:  PostOpenFile 03-Mar-2026 19:16:28 CST BeforeEvents
Output filename is gen.caf.root
%MSG


********************************************************************************************************

oooooo   oooooo     oooo       .o.       ooooooooo.   ooooo      ooo ooooo ooooo      ooo   .oooooo.    
 `888.    `888.     .8'       .888.      `888   `Y88. `888b.     `8' `888' `888b.     `8'  d8P'  `Y8b   
  `888.   .8888.   .8'       .8"888.      888   .d88'  8 `88b.    8   888   8 `88b.    8  888           
   `888  .8'`888. .8'       .8' `888.     888ooo88P'   8   `88b.  8   888   8   `88b.  8  888           
    `888.8'  `888.8'       .88ooo8888.    888`88b.     8     `88b.8   888   8     `88b.8  888     ooooo 
     `888'    `888'       .8'     `888.   888  `88b.   8       `888   888   8       `888  `88.    .88'  
      `8'      `8'       o88o     o8888o o888o  o888o o8o        `8  o888o o8o        `8   `Y8bood8P'   
                                                                                                       

                                  /==================================\
                                  ||   .-')  .-. .-')       .-') _  ||
                                  ||  ( OO ).\  ( OO )     ( OO ) ) ||
                                  || (_)---\_);-----.\ ,--./ ,--,'  ||
                                  || /    _ | | .-.  | |   \ |  |\  ||
                                  || \  :` `. | '-' /_)|    \|  | ) ||
                                  ||  '..`''.)| .-. `. |  .     |/  ||
                                  || .-._)   \| |  \  ||  |\    |   ||
                                  || \       /| '--'  /|  | \   |   ||
                                  ||  `-----' `------' `--'  `--'   ||
                                  \==================================/
 

********************************************************************************************************

                            THIS IS A DEVELOPMENT VERSION OF GENIE USED FOR SBN.
                      IT HAS *NOT* BEEN FULLY VALIDATED AND IT HAS EXPERIMENTAL FEATURES.

                                   USE THIS VERSION AT YOUR OWN RISK.

 If you prefer to use a version with validated physics content, please see https://genie-mc.github.io/releases.html

                            Site managers, please don't remove this notice!


 GENIE will continue running in 15 seconds...





*****************************************************************************************************************
*                                                                                                               *
*                                                   .oooooo.    oooooooooooo ooooo      ooo ooooo oooooooooooo  *
*                                                  d8P'  `Y8b   `888'     `8 `888b.     `8' `888' `888'     `8  *
*                                                 888            888          8 `88b.    8   888   888          *
*                        Ndyooym          dN      888            888oooo8     8   `88b.  8   888   888oooo8     *
*                     Nds//+sdmoy       d+m       888     ooooo  888    "     8     `88b.8   888   888    "     *
*                   Nh+//ohN  m+s      N//syyN    `88.    .88'   888       o  8       `888   888   888       o  *
*                 Ny+//od   Nh+oN       o///+      `Y8bood8P'   o888ooooood8 o8o        `8  o888o o888ooooood8  *
*               Nh+//om   Nh+/yN       o///s                                                                    *
*              d+//+d   my+/smmyhN    m///h                                      NEUTRINO MONTE CARLO GENERATOR *
*            Ns///yN NdyoshNNs///d   h////yN                                                                    *
*           mo//om        ms///+m   d///////oyhmN                                          Version 3.06.02.sbn  *
*          N+//yN       ms////+N    h////////////oym                                                            *
*          s//h       ho/+///sN     N///////////////od                                  http://www.genie-mc.org *
*         N+/h     my++yh+//y       s/////////////////oN                                                        *
*         Ns/m Nmy++ymNh//+d        s//////////////////+m                                                       *
*          NhssoshN  Ny//sN         m///////////////////+                                                       *
*                  Nmo/+ohdmN        mo//////////////////h            NmmN                                      *
*              ms/+s//o/-----:+sdN     mhso+ooys/////////o      mhs+/------/ohN                                 *
*    Nhd     N+-/o+/o+------------/shN     Ndy+//////////+ mhs+:---------------om                               *
*  mo/sN    m:/oo/oo:-----------------:://////////////////-----------------------y                              *
*  y//d    Noo++o+:----------:------------:://///////////:-------:/+osyso/:-------h                             *
*  Nyo+syysooo+/--------------::--------------:://///////:----::////+ossyso/------:                             *
*     NNNNNs--------------------:/::-------------:://///:-:://////////oosyo+:------                             *
*          y---------------------:////:::-----------:////////////////+o++++/:-----/                             *
*          m-----------------------://////////////////////////////+so/--:---------y                             *
*           +------------------------://////////////////////////+yy:---+oh/--:y+-/N                             *
*           N/-------------------------://////////////////////ohy/-------yy--os-/m                              *
*            No--------------------------://///////////////+shs/---------/d++/-oN                               *
*              mo--------------------------:////////////+shyo:------------sy/sm                                 *
*                Ny+:------------------------::://///oyhyo:--------------/sd                                    *
*                    mhso+/:------------------:/+oyhyo/----------:/+syhm                                        *
*                           NmddhyyyssssyyyhdmmNNNmhhhyyyyhhddmN                                                *
*                                                                                                               *
*                                                             Copyright (c) 2003-2025, The GENIE Collaboration  *
*                                                                                                               *
*                                                                                                               *
* Luis Alvarez-Ruso [6], Costas Andreopoulos [9], Adi Ashkenazi [13], Joshua Barrow [10,13], Steve Dytman [12], *
*      Hugh Gallagher [14], Alfonso Andres Garcia Soto [5,6], Steven Gardiner [4], Matan Goldenberg [13],       *
*  Robert Hatcher [4], Or Hen [10], Igor Kakorin [8], Konstantin Kuzmin [7,8], Weijun Li [11], Liang Liu [4],   *
*   Xianguo Lu [15], Anselmo Meregaglia [2], Vadim Naumov [8], Afroditi Papadopoulou [1], Gabriel Perdue [3],   *
*   Komninos-John Plows [11], Marco Roda [9], Alon Sportes [13], Noah Steinberg [4], Vladyslav Syrotenko [14],  *
*                         Júlia Tena Vidal [13], Jeremy Wolcott [14], and Qiyu Yan [3,15]                       *
*                                                                                                               *
*                                            (The GENIE Collaboration)                                          *
*                                                                                                               *
*                                      [1] Argonne National Laboratory (ANL)                                    *
*                                 [2] CENBG, Université de Bordeaux, CNRS/IN2P3                                 *
*                             [3] University of the Chinese Academy of Sciences (UCAS)                          *
*                                 [4] Fermi National Accelerator Laboratory (FNAL)                              *
*                                      [5] Harvard University, Dept. of Physics                                 *
*                                     [6] Instituto de Física Corpuscular (IFIC)                                *
*      [7] Alikhanov Institute for Theoretical and Experimental Physics (ITEP) of NRC "Kurchatov Institute"     *
*                                  [8] Joint Institute for Nuclear Research (JINR)                              *
*                                   [9] University of Liverpool, Dept. of Physics                               *
*                         [10] Massachusetts Institute of Technology (MIT), Dept. of Physics                    *
*                                    [11] University of Oxford, Dept. of Physics                                *
*                            [12] University of Pittsburgh, Dept. of Physics and Astronomy                      *
*                              [13] Tel Aviv University, School of Physics and Astronomy                        *
*                                [14] Tufts University, Dept. of Physics and Astronomy                          *
*                                     [15] Warwick University, Dept. of Physics                                 *
*                                                                                                               *
*  Corresponding Author:                                                                                        *
*  -                                                                                                            *
*  Professor Costas Andreopoulos                                                                                *
*  University of Liverpool, Department of Physics                                                               *
*  Oliver Lodge Lab 316, Liverpool L69 7ZE, UK                                                                  *
*  E-Mail: c.andreopoulos \at cern.ch                                                                           *
*  Tel: +44-(0)1517-943201                                                                                      *
*****************************************************************************************************************


1772586988 NOTICE Messenger : [s] <SetPrioritiesFromXmlFile (136)> : Reading msg stream priorities from XML file: /cvmfs/larsoft.opensciencegrid.org/products/genie/v3_06_02_sbn2/Linux64bit+3.10-2.17-e26-prof/GENIE-Generator/config/Messenger.xml
%MSG-i CAFMaker:  PostOpenFile 03-Mar-2026 19:16:28 CST BeforeEvents
Output flat filename is gen.flat.caf.root
%MSG
CAFMaker: Attempting to deduce detector from GDML file name: 'sbnd_v02_06.gdml' and configured detector name: 'sbndv2'. Detected SBND
CAFMaker: no EventWeightParameterSet found under label 'systtools'
POT: 3.20373e+14
Begin processing the 1st record. run: 1 subRun: 0 event: 9 at 03-Mar-2026 19:16:29 CST
%MSG-w BackTrackerService:  ProcessEvent 03-Mar-2026 19:16:29 CST  run: 1 subRun: 0 event: 9
Rebuild failed to get the SimChannels. This is expected when running on a generation or simulation step.
%MSG
%MSG-i NuRandomService:  CAFMaker:cafmaker@BeginModule 03-Mar-2026 19:16:29 CST  run: 1 subRun: 0 event: 9
Random seed for this event, engine 'cafmaker.Blinding': 25365762
%MSG
%MSG-i NuRandomService:  CAFMaker:cafmaker@BeginModule 03-Mar-2026 19:16:29 CST  run: 1 subRun: 0 event: 9
Random seed for this event, engine 'cafmaker.FakeReco': 461861652
%MSG
1772586989 ERROR AlgConfigPool : [s] <LoadRegistries (296)> : The XML doc doesn't exist! (filename : ModelConfiguration.xml)
1772586989 ERROR AlgConfigPool : [s] <LoadAlgConfig (106)> : Global parameter lists not available This can be normal if you are running Comparisons/Reweight in some cases
1772586989 ERROR AlgConfigPool : [s] <LoadRegistries (296)> : The XML doc doesn't exist! (filename : TuneGeneratorList.xml)
1772586989 WARN AlgConfigPool : [s] <LoadAlgConfig (121)> : Tune generator List not available
 *** TDatabasePDG::AddParticle: particle with PDGcode=1 already defined
 *** TDatabasePDG::AddAntiParticle: can't redefine parameters
 *** TDatabasePDG::AddParticle: particle with PDGcode=2 already defined
 *** TDatabasePDG::AddAntiParticle: can't redefine parameters
 *** TDatabasePDG::AddParticle: particle with PDGcode=3 already defined
 *** TDatabasePDG::AddAntiParticle: can't redefine parameters
 *** TDatabasePDG::AddParticle: particle with PDGcode=4 already defined
 *** TDatabasePDG::AddAntiParticle: can't redefine parameters
 *** TDatabasePDG::AddParticle: particle with PDGcode=5 already defined
 *** TDatabasePDG::AddAntiParticle: can't redefine parameters
 *** TDatabasePDG::AddParticle: particle with PDGcode=6 already defined
 *** TDatabasePDG::AddAntiParticle: can't redefine parameters
 *** TDatabasePDG::AddParticle: particle with PDGcode=7 already defined
 *** TDatabasePDG::AddAntiParticle: can't redefine parameters
 *** TDatabasePDG::AddParticle: particle with PDGcode=8 already defined
 *** TDatabasePDG::AddAntiParticle: can't redefine parameters
 *** TDatabasePDG::AddParticle: particle with PDGcode=11 already defined
 *** TDatabasePDG::AddAntiParticle: can't redefine parameters
 *** TDatabasePDG::AddParticle: particle with PDGcode=12 already defined
 *** TDatabasePDG::AddAntiParticle: can't redefine parameters
 *** TDatabasePDG::AddParticle: particle with PDGcode=13 already defined
 *** TDatabasePDG::AddAntiParticle: can't redefine parameters
 *** TDatabasePDG::AddParticle: particle with PDGcode=14 already defined
 *** TDatabasePDG::AddAntiParticle: can't redefine parameters
 *** TDatabasePDG::AddParticle: particle with PDGcode=15 already defined
 *** TDatabasePDG::AddAntiParticle: can't redefine parameters
 *** TDatabasePDG::AddParticle: particle with PDGcode=16 already defined
 *** TDatabasePDG::AddAntiParticle: can't redefine parameters
 *** TDatabasePDG::AddParticle: particle with PDGcode=17 already defined
 *** TDatabasePDG::AddAntiParticle: can't redefine parameters
 *** TDatabasePDG::AddParticle: particle with PDGcode=18 already defined
 *** TDatabasePDG::AddAntiParticle: can't redefine parameters
 *** TDatabasePDG::AddParticle: particle with PDGcode=21 already defined
 *** TDatabasePDG::AddParticle: particle with PDGcode=22 already defined
 *** TDatabasePDG::AddParticle: particle with PDGcode=23 already defined
 *** TDatabasePDG::AddParticle: particle with PDGcode=24 already defined
 *** TDatabasePDG::AddAntiParticle: can't redefine parameters
 *** TDatabasePDG::AddParticle: particle with PDGcode=25 already defined
 *** TDatabasePDG::AddParticle: particle with PDGcode=28 already defined
 *** TDatabasePDG::AddParticle: particle with PDGcode=29 already defined
 *** TDatabasePDG::AddParticle: particle with PDGcode=32 already defined
 *** TDatabasePDG::AddParticle: particle with PDGcode=33 already defined
 *** TDatabasePDG::AddParticle: particle with PDGcode=34 already defined
 *** TDatabasePDG::AddAntiParticle: can't redefine parameters
 *** TDatabasePDG::AddParticle: particle with PDGcode=35 already defined
 *** TDatabasePDG::AddParticle: particle with PDGcode=36 already defined
 *** TDatabasePDG::AddParticle: particle with PDGcode=37 already defined
 *** TDatabasePDG::AddAntiParticle: can't redefine parameters
 *** TDatabasePDG::AddParticle: particle with PDGcode=38 already defined
 *** TDatabasePDG::AddParticle: particle with PDGcode=39 already defined
 *** TDatabasePDG::AddAntiParticle: can't redefine parameters
 *** TDatabasePDG::AddParticle: particle with PDGcode=40 already defined
 *** TDatabasePDG::AddAntiParticle: can't redefine parameters
 *** TDatabasePDG::AddParticle: particle with PDGcode=51 already defined
 *** TDatabasePDG::AddParticle: particle with PDGcode=52 already defined
 *** TDatabasePDG::AddAntiParticle: can't redefine parameters
 *** TDatabasePDG::AddParticle: particle with PDGcode=53 already defined
 *** TDatabasePDG::AddParticle: particle with PDGcode=54 already defined
 *** TDatabasePDG::AddParticle: particle with PDGcode=55 already defined
 *** TDatabasePDG::AddAntiParticle: can't redefine parameters
 *** TDatabasePDG::AddParticle: particle with PDGcode=56 already defined
 *** TDatabasePDG::AddParticle: particle with PDGcode=61 already defined
 *** TDatabasePDG::AddAntiParticle: can't redefine parameters
 *** TDatabasePDG::AddParticle: particle with PDGcode=62 already defined
 *** TDatabasePDG::AddAntiParticle: can't redefine parameters
 *** TDatabasePDG::AddParticle: particle with PDGcode=63 already defined
 *** TDatabasePDG::AddAntiParticle: can't redefine parameters
 *** TDatabasePDG::AddParticle: particle with PDGcode=64 already defined
 *** TDatabasePDG::AddAntiParticle: can't redefine parameters
 *** TDatabasePDG::AddParticle: particle with PDGcode=65 already defined
 *** TDatabasePDG::AddAntiParticle: can't redefine parameters
 *** TDatabasePDG::AddParticle: particle with PDGcode=66 already defined
 *** TDatabasePDG::AddAntiParticle: can't redefine parameters
 *** TDatabasePDG::AddParticle: particle with PDGcode=81 already defined
 *** TDatabasePDG::AddParticle: particle with PDGcode=82 already defined
 *** TDatabasePDG::AddAntiParticle: can't redefine parameters
 *** TDatabasePDG::AddParticle: particle with PDGcode=83 already defined
 *** TDatabasePDG::AddParticle: particle with PDGcode=84 already defined
 *** TDatabasePDG::AddAntiParticle: can't redefine parameters
 *** TDatabasePDG::AddParticle: particle with PDGcode=85 already defined
 *** TDatabasePDG::AddAntiParticle: can't redefine parameters
 *** TDatabasePDG::AddParticle: particle with PDGcode=91 already defined
 *** TDatabasePDG::AddParticle: particle with PDGcode=92 already defined
 *** TDatabasePDG::AddParticle: particle with PDGcode=93 already defined
 *** TDatabasePDG::AddParticle: particle with PDGcode=94 already defined
 *** TDatabasePDG::AddParticle: particle with PDGcode=95 already defined
 *** TDatabasePDG::AddParticle: particle with PDGcode=96 already defined
 *** TDatabasePDG::AddParticle: particle with PDGcode=97 already defined
 *** TDatabasePDG::AddParticle: particle with PDGcode=98 already defined
 *** TDatabasePDG::AddParticle: particle with PDGcode=99 already defined
 *** TDatabasePDG::AddParticle: particle with PDGcode=110 already defined
 *** TDatabasePDG::AddParticle: particle with PDGcode=111 already defined
 *** TDatabasePDG::AddParticle: particle with PDGcode=113 already defined
 *** TDatabasePDG::AddParticle: particle with PDGcode=115 already defined
 *** TDatabasePDG::AddParticle: particle with PDGcode=130 already defined
 *** TDatabasePDG::AddParticle: particle with PDGcode=210 already defined
 *** TDatabasePDG::AddAntiParticle: can't redefine parameters
 *** TDatabasePDG::AddParticle: particle with PDGcode=211 already defined
 *** TDatabasePDG::AddAntiParticle: can't redefine parameters
 *** TDatabasePDG::AddParticle: particle with PDGcode=213 already defined
 *** TDatabasePDG::AddAntiParticle: can't redefine parameters
 *** TDatabasePDG::AddParticle: particle with PDGcode=215 already defined
 *** TDatabasePDG::AddAntiParticle: can't redefine parameters
 *** TDatabasePDG::AddParticle: particle with PDGcode=220 already defined
 *** TDatabasePDG::AddParticle: particle with PDGcode=221 already defined
 *** TDatabasePDG::AddParticle: particle with PDGcode=223 already defined
 *** TDatabasePDG::AddParticle: particle with PDGcode=225 already defined
 *** TDatabasePDG::AddParticle: particle with PDGcode=310 already defined
 *** TDatabasePDG::AddParticle: particle with PDGcode=311 already defined
 *** TDatabasePDG::AddAntiParticle: can't redefine parameters
 *** TDatabasePDG::AddParticle: particle with PDGcode=313 already defined
 *** TDatabasePDG::AddAntiParticle: can't redefine parameters
 *** TDatabasePDG::AddParticle: particle with PDGcode=315 already defined
 *** TDatabasePDG::AddAntiParticle: can't redefine parameters
 *** TDatabasePDG::AddParticle: particle with PDGcode=321 already defined
 *** TDatabasePDG::AddAntiParticle: can't redefine parameters
 *** TDatabasePDG::AddParticle: particle with PDGcode=323 already defined
 *** TDatabasePDG::AddAntiParticle: can't redefine parameters
 *** TDatabasePDG::AddParticle: particle with PDGcode=325 already defined
 *** TDatabasePDG::AddAntiParticle: can't redefine parameters
 *** TDatabasePDG::AddParticle: particle with PDGcode=330 already defined
 *** TDatabasePDG::AddParticle: particle with PDGcode=331 already defined
 *** TDatabasePDG::AddParticle: particle with PDGcode=333 already defined
 *** TDatabasePDG::AddParticle: particle with PDGcode=335 already defined
 *** TDatabasePDG::AddParticle: particle with PDGcode=411 already defined
 *** TDatabasePDG::AddAntiParticle: can't redefine parameters
 *** TDatabasePDG::AddParticle: particle with PDGcode=413 already defined
 *** TDatabasePDG::AddAntiParticle: can't redefine parameters
 *** TDatabasePDG::AddParticle: particle with PDGcode=415 already defined
 *** TDatabasePDG::AddAntiParticle: can't redefine parameters
 *** TDatabasePDG::AddParticle: particle with PDGcode=421 already defined
 *** TDatabasePDG::AddAntiParticle: can't redefine parameters
 *** TDatabasePDG::AddParticle: particle with PDGcode=423 already defined
 *** TDatabasePDG::AddAntiParticle: can't redefine parameters
 *** TDatabasePDG::AddParticle: particle with PDGcode=425 already defined
 *** TDatabasePDG::AddAntiParticle: can't redefine parameters
 *** TDatabasePDG::AddParticle: particle with PDGcode=431 already defined
 *** TDatabasePDG::AddAntiParticle: can't redefine parameters
 *** TDatabasePDG::AddParticle: particle with PDGcode=433 already defined
 *** TDatabasePDG::AddAntiParticle: can't redefine parameters
 *** TDatabasePDG::AddParticle: particle with PDGcode=435 already defined
 *** TDatabasePDG::AddAntiParticle: can't redefine parameters
 *** TDatabasePDG::AddParticle: particle with PDGcode=440 already defined
 *** TDatabasePDG::AddParticle: particle with PDGcode=441 already defined
 *** TDatabasePDG::AddParticle: particle with PDGcode=443 already defined
 *** TDatabasePDG::AddParticle: particle with PDGcode=445 already defined
 *** TDatabasePDG::AddParticle: particle with PDGcode=511 already defined
 *** TDatabasePDG::AddAntiParticle: can't redefine parameters
 *** TDatabasePDG::AddParticle: particle with PDGcode=513 already defined
 *** TDatabasePDG::AddAntiParticle: can't redefine parameters
 *** TDatabasePDG::AddParticle: particle with PDGcode=515 already defined
 *** TDatabasePDG::AddAntiParticle: can't redefine parameters
 *** TDatabasePDG::AddParticle: particle with PDGcode=521 already defined
 *** TDatabasePDG::AddAntiParticle: can't redefine parameters
 *** TDatabasePDG::AddParticle: particle with PDGcode=523 already defined
 *** TDatabasePDG::AddAntiParticle: can't redefine parameters
 *** TDatabasePDG::AddParticle: particle with PDGcode=525 already defined
 *** TDatabasePDG::AddAntiParticle: can't redefine parameters
 *** TDatabasePDG::AddParticle: particle with PDGcode=531 already defined
 *** TDatabasePDG::AddAntiParticle: can't redefine parameters
 *** TDatabasePDG::AddParticle: particle with PDGcode=533 already defined
 *** TDatabasePDG::AddAntiParticle: can't redefine parameters
 *** TDatabasePDG::AddParticle: particle with PDGcode=535 already defined
 *** TDatabasePDG::AddAntiParticle: can't redefine parameters
 *** TDatabasePDG::AddParticle: particle with PDGcode=541 already defined
 *** TDatabasePDG::AddAntiParticle: can't redefine parameters
 *** TDatabasePDG::AddParticle: particle with PDGcode=543 already defined
 *** TDatabasePDG::AddAntiParticle: can't redefine parameters
 *** TDatabasePDG::AddParticle: particle with PDGcode=545 already defined
 *** TDatabasePDG::AddAntiParticle: can't redefine parameters
 *** TDatabasePDG::AddParticle: particle with PDGcode=551 already defined
 *** TDatabasePDG::AddParticle: particle with PDGcode=553 already defined
 *** TDatabasePDG::AddParticle: particle with PDGcode=555 already defined
 *** TDatabasePDG::AddParticle: particle with PDGcode=1103 already defined
 *** TDatabasePDG::AddAntiParticle: can't redefine parameters
 *** TDatabasePDG::AddParticle: particle with PDGcode=1114 already defined
 *** TDatabasePDG::AddAntiParticle: can't redefine parameters
 *** TDatabasePDG::AddParticle: particle with PDGcode=2101 already defined
 *** TDatabasePDG::AddAntiParticle: can't redefine parameters
 *** TDatabasePDG::AddParticle: particle with PDGcode=2103 already defined
 *** TDatabasePDG::AddAntiParticle: can't redefine parameters
 *** TDatabasePDG::AddParticle: particle with PDGcode=2110 already defined
 *** TDatabasePDG::AddAntiParticle: can't redefine parameters
 *** TDatabasePDG::AddParticle: particle with PDGcode=2112 already defined
 *** TDatabasePDG::AddAntiParticle: can't redefine parameters
 *** TDatabasePDG::AddParticle: particle with PDGcode=2114 already defined
 *** TDatabasePDG::AddAntiParticle: can't redefine parameters
 *** TDatabasePDG::AddParticle: particle with PDGcode=2203 already defined
 *** TDatabasePDG::AddAntiParticle: can't redefine parameters
 *** TDatabasePDG::AddParticle: particle with PDGcode=2210 already defined
 *** TDatabasePDG::AddAntiParticle: can't redefine parameters
 *** TDatabasePDG::AddParticle: particle with PDGcode=2212 already defined
 *** TDatabasePDG::AddAntiParticle: can't redefine parameters
 *** TDatabasePDG::AddParticle: particle with PDGcode=2214 already defined
 *** TDatabasePDG::AddAntiParticle: can't redefine parameters
 *** TDatabasePDG::AddParticle: particle with PDGcode=2224 already defined
 *** TDatabasePDG::AddAntiParticle: can't redefine parameters
 *** TDatabasePDG::AddParticle: particle with PDGcode=3101 already defined
 *** TDatabasePDG::AddAntiParticle: can't redefine parameters
 *** TDatabasePDG::AddParticle: particle with PDGcode=3103 already defined
 *** TDatabasePDG::AddAntiParticle: can't redefine parameters
 *** TDatabasePDG::AddParticle: particle with PDGcode=3112 already defined
 *** TDatabasePDG::AddAntiParticle: can't redefine parameters
 *** TDatabasePDG::AddParticle: particle with PDGcode=3114 already defined
 *** TDatabasePDG::AddAntiParticle: can't redefine parameters
 *** TDatabasePDG::AddParticle: particle with PDGcode=3122 already defined
 *** TDatabasePDG::AddAntiParticle: can't redefine parameters
 *** TDatabasePDG::AddParticle: particle with PDGcode=3201 already defined
 *** TDatabasePDG::AddAntiParticle: can't redefine parameters
 *** TDatabasePDG::AddParticle: particle with PDGcode=3203 already defined
 *** TDatabasePDG::AddAntiParticle: can't redefine parameters
 *** TDatabasePDG::AddParticle: particle with PDGcode=3212 already defined
 *** TDatabasePDG::AddAntiParticle: can't redefine parameters
 *** TDatabasePDG::AddParticle: particle with PDGcode=3214 already defined
 *** TDatabasePDG::AddAntiParticle: can't redefine parameters
 *** TDatabasePDG::AddParticle: particle with PDGcode=3222 already defined
 *** TDatabasePDG::AddAntiParticle: can't redefine parameters
 *** TDatabasePDG::AddParticle: particle with PDGcode=3224 already defined
 *** TDatabasePDG::AddAntiParticle: can't redefine parameters
 *** TDatabasePDG::AddParticle: particle with PDGcode=3303 already defined
 *** TDatabasePDG::AddAntiParticle: can't redefine parameters
 *** TDatabasePDG::AddParticle: particle with PDGcode=3312 already defined
 *** TDatabasePDG::AddAntiParticle: can't redefine parameters
 *** TDatabasePDG::AddParticle: particle with PDGcode=3314 already defined
 *** TDatabasePDG::AddAntiParticle: can't redefine parameters
 *** TDatabasePDG::AddParticle: particle with PDGcode=3322 already defined
 *** TDatabasePDG::AddAntiParticle: can't redefine parameters
 *** TDatabasePDG::AddParticle: particle with PDGcode=3324 already defined
 *** TDatabasePDG::AddAntiParticle: can't redefine parameters
 *** TDatabasePDG::AddParticle: particle with PDGcode=3334 already defined
 *** TDatabasePDG::AddAntiParticle: can't redefine parameters
 *** TDatabasePDG::AddParticle: particle with PDGcode=4101 already defined
 *** TDatabasePDG::AddAntiParticle: can't redefine parameters
 *** TDatabasePDG::AddParticle: particle with PDGcode=4103 already defined
 *** TDatabasePDG::AddAntiParticle: can't redefine parameters
 *** TDatabasePDG::AddParticle: particle with PDGcode=4112 already defined
 *** TDatabasePDG::AddAntiParticle: can't redefine parameters
 *** TDatabasePDG::AddParticle: particle with PDGcode=4114 already defined
 *** TDatabasePDG::AddAntiParticle: can't redefine parameters
 *** TDatabasePDG::AddParticle: particle with PDGcode=4122 already defined
 *** TDatabasePDG::AddAntiParticle: can't redefine parameters
 *** TDatabasePDG::AddParticle: particle with PDGcode=4132 already defined
 *** TDatabasePDG::AddAntiParticle: can't redefine parameters
 *** TDatabasePDG::AddParticle: particle with PDGcode=4201 already defined
 *** TDatabasePDG::AddAntiParticle: can't redefine parameters
 *** TDatabasePDG::AddParticle: particle with PDGcode=4203 already defined
 *** TDatabasePDG::AddAntiParticle: can't redefine parameters
 *** TDatabasePDG::AddParticle: particle with PDGcode=4212 already defined
 *** TDatabasePDG::AddAntiParticle: can't redefine parameters
 *** TDatabasePDG::AddParticle: particle with PDGcode=4214 already defined
 *** TDatabasePDG::AddAntiParticle: can't redefine parameters
 *** TDatabasePDG::AddParticle: particle with PDGcode=4222 already defined
 *** TDatabasePDG::AddAntiParticle: can't redefine parameters
 *** TDatabasePDG::AddParticle: particle with PDGcode=4224 already defined
 *** TDatabasePDG::AddAntiParticle: can't redefine parameters
 *** TDatabasePDG::AddParticle: particle with PDGcode=4232 already defined
 *** TDatabasePDG::AddAntiParticle: can't redefine parameters
 *** TDatabasePDG::AddParticle: particle with PDGcode=4301 already defined
 *** TDatabasePDG::AddAntiParticle: can't redefine parameters
 *** TDatabasePDG::AddParticle: particle with PDGcode=4303 already defined
 *** TDatabasePDG::AddAntiParticle: can't redefine parameters
 *** TDatabasePDG::AddParticle: particle with PDGcode=4312 already defined
 *** TDatabasePDG::AddAntiParticle: can't redefine parameters
 *** TDatabasePDG::AddParticle: particle with PDGcode=4314 already defined
 *** TDatabasePDG::AddAntiParticle: can't redefine parameters
 *** TDatabasePDG::AddParticle: particle with PDGcode=4322 already defined
 *** TDatabasePDG::AddAntiParticle: can't redefine parameters
 *** TDatabasePDG::AddParticle: particle with PDGcode=4324 already defined
 *** TDatabasePDG::AddAntiParticle: can't redefine parameters
 *** TDatabasePDG::AddParticle: particle with PDGcode=4332 already defined
 *** TDatabasePDG::AddAntiParticle: can't redefine parameters
 *** TDatabasePDG::AddParticle: particle with PDGcode=4334 already defined
 *** TDatabasePDG::AddAntiParticle: can't redefine parameters
 *** TDatabasePDG::AddParticle: particle with PDGcode=4403 already defined
 *** TDatabasePDG::AddAntiParticle: can't redefine parameters
 *** TDatabasePDG::AddParticle: particle with PDGcode=4412 already defined
 *** TDatabasePDG::AddAntiParticle: can't redefine parameters
 *** TDatabasePDG::AddParticle: particle with PDGcode=4414 already defined
 *** TDatabasePDG::AddAntiParticle: can't redefine parameters
 *** TDatabasePDG::AddParticle: particle with PDGcode=4422 already defined
 *** TDatabasePDG::AddAntiParticle: can't redefine parameters
 *** TDatabasePDG::AddParticle: particle with PDGcode=4424 already defined
 *** TDatabasePDG::AddAntiParticle: can't redefine parameters
 *** TDatabasePDG::AddParticle: particle with PDGcode=4432 already defined
 *** TDatabasePDG::AddAntiParticle: can't redefine parameters
 *** TDatabasePDG::AddParticle: particle with PDGcode=4434 already defined
 *** TDatabasePDG::AddAntiParticle: can't redefine parameters
 *** TDatabasePDG::AddParticle: particle with PDGcode=4444 already defined
 *** TDatabasePDG::AddAntiParticle: can't redefine parameters
 *** TDatabasePDG::AddParticle: particle with PDGcode=5101 already defined
 *** TDatabasePDG::AddAntiParticle: can't redefine parameters
 *** TDatabasePDG::AddParticle: particle with PDGcode=5103 already defined
 *** TDatabasePDG::AddAntiParticle: can't redefine parameters
 *** TDatabasePDG::AddParticle: particle with PDGcode=5112 already defined
 *** TDatabasePDG::AddAntiParticle: can't redefine parameters
 *** TDatabasePDG::AddParticle: particle with PDGcode=5114 already defined
 *** TDatabasePDG::AddAntiParticle: can't redefine parameters
 *** TDatabasePDG::AddParticle: particle with PDGcode=5122 already defined
 *** TDatabasePDG::AddAntiParticle: can't redefine parameters
 *** TDatabasePDG::AddParticle: particle with PDGcode=5132 already defined
 *** TDatabasePDG::AddAntiParticle: can't redefine parameters
 *** TDatabasePDG::AddParticle: particle with PDGcode=5142 already defined
 *** TDatabasePDG::AddAntiParticle: can't redefine parameters
 *** TDatabasePDG::AddParticle: particle with PDGcode=5201 already defined
 *** TDatabasePDG::AddAntiParticle: can't redefine parameters
 *** TDatabasePDG::AddParticle: particle with PDGcode=5203 already defined
 *** TDatabasePDG::AddAntiParticle: can't redefine parameters
 *** TDatabasePDG::AddParticle: particle with PDGcode=5212 already defined
 *** TDatabasePDG::AddAntiParticle: can't redefine parameters
 *** TDatabasePDG::AddParticle: particle with PDGcode=5214 already defined
 *** TDatabasePDG::AddAntiParticle: can't redefine parameters
 *** TDatabasePDG::AddParticle: particle with PDGcode=5222 already defined
 *** TDatabasePDG::AddAntiParticle: can't redefine parameters
 *** TDatabasePDG::AddParticle: particle with PDGcode=5224 already defined
 *** TDatabasePDG::AddAntiParticle: can't redefine parameters
 *** TDatabasePDG::AddParticle: particle with PDGcode=5232 already defined
 *** TDatabasePDG::AddAntiParticle: can't redefine parameters
 *** TDatabasePDG::AddParticle: particle with PDGcode=5242 already defined
 *** TDatabasePDG::AddAntiParticle: can't redefine parameters
 *** TDatabasePDG::AddParticle: particle with PDGcode=5301 already defined
 *** TDatabasePDG::AddAntiParticle: can't redefine parameters
 *** TDatabasePDG::AddParticle: particle with PDGcode=5303 already defined
 *** TDatabasePDG::AddAntiParticle: can't redefine parameters
 *** TDatabasePDG::AddParticle: particle with PDGcode=5312 already defined
 *** TDatabasePDG::AddAntiParticle: can't redefine parameters
 *** TDatabasePDG::AddParticle: particle with PDGcode=5314 already defined
 *** TDatabasePDG::AddAntiParticle: can't redefine parameters
 *** TDatabasePDG::AddParticle: particle with PDGcode=5322 already defined
 *** TDatabasePDG::AddAntiParticle: can't redefine parameters
 *** TDatabasePDG::AddParticle: particle with PDGcode=5324 already defined
 *** TDatabasePDG::AddAntiParticle: can't redefine parameters
 *** TDatabasePDG::AddParticle: particle with PDGcode=5332 already defined
 *** TDatabasePDG::AddAntiParticle: can't redefine parameters
 *** TDatabasePDG::AddParticle: particle with PDGcode=5334 already defined
 *** TDatabasePDG::AddAntiParticle: can't redefine parameters
 *** TDatabasePDG::AddParticle: particle with PDGcode=5342 already defined
 *** TDatabasePDG::AddAntiParticle: can't redefine parameters
 *** TDatabasePDG::AddParticle: particle with PDGcode=5401 already defined
 *** TDatabasePDG::AddAntiParticle: can't redefine parameters
 *** TDatabasePDG::AddParticle: particle with PDGcode=5403 already defined
 *** TDatabasePDG::AddAntiParticle: can't redefine parameters
 *** TDatabasePDG::AddParticle: particle with PDGcode=5412 already defined
 *** TDatabasePDG::AddAntiParticle: can't redefine parameters
 *** TDatabasePDG::AddParticle: particle with PDGcode=5414 already defined
 *** TDatabasePDG::AddAntiParticle: can't redefine parameters
 *** TDatabasePDG::AddParticle: particle with PDGcode=5422 already defined
 *** TDatabasePDG::AddAntiParticle: can't redefine parameters
 *** TDatabasePDG::AddParticle: particle with PDGcode=5424 already defined
 *** TDatabasePDG::AddAntiParticle: can't redefine parameters
 *** TDatabasePDG::AddParticle: particle with PDGcode=5432 already defined
 *** TDatabasePDG::AddAntiParticle: can't redefine parameters
 *** TDatabasePDG::AddParticle: particle with PDGcode=5434 already defined
 *** TDatabasePDG::AddAntiParticle: can't redefine parameters
 *** TDatabasePDG::AddParticle: particle with PDGcode=5442 already defined
 *** TDatabasePDG::AddAntiParticle: can't redefine parameters
 *** TDatabasePDG::AddParticle: particle with PDGcode=5444 already defined
 *** TDatabasePDG::AddAntiParticle: can't redefine parameters
 *** TDatabasePDG::AddParticle: particle with PDGcode=5503 already defined
 *** TDatabasePDG::AddAntiParticle: can't redefine parameters
 *** TDatabasePDG::AddParticle: particle with PDGcode=5512 already defined
 *** TDatabasePDG::AddAntiParticle: can't redefine parameters
 *** TDatabasePDG::AddParticle: particle with PDGcode=5514 already defined
 *** TDatabasePDG::AddAntiParticle: can't redefine parameters
 *** TDatabasePDG::AddParticle: particle with PDGcode=5522 already defined
 *** TDatabasePDG::AddAntiParticle: can't redefine parameters
 *** TDatabasePDG::AddParticle: particle with PDGcode=5524 already defined
 *** TDatabasePDG::AddAntiParticle: can't redefine parameters
 *** TDatabasePDG::AddParticle: particle with PDGcode=5532 already defined
 *** TDatabasePDG::AddAntiParticle: can't redefine parameters
 *** TDatabasePDG::AddParticle: particle with PDGcode=5534 already defined
 *** TDatabasePDG::AddAntiParticle: can't redefine parameters
 *** TDatabasePDG::AddParticle: particle with PDGcode=5542 already defined
 *** TDatabasePDG::AddAntiParticle: can't redefine parameters
 *** TDatabasePDG::AddParticle: particle with PDGcode=5544 already defined
 *** TDatabasePDG::AddAntiParticle: can't redefine parameters
 *** TDatabasePDG::AddParticle: particle with PDGcode=5554 already defined
 *** TDatabasePDG::AddAntiParticle: can't redefine parameters
 *** TDatabasePDG::AddParticle: particle with PDGcode=10111 already defined
 *** TDatabasePDG::AddParticle: particle with PDGcode=10113 already defined
 *** TDatabasePDG::AddParticle: particle with PDGcode=10211 already defined
 *** TDatabasePDG::AddAntiParticle: can't redefine parameters
 *** TDatabasePDG::AddParticle: particle with PDGcode=10213 already defined
 *** TDatabasePDG::AddAntiParticle: can't redefine parameters
 *** TDatabasePDG::AddParticle: particle with PDGcode=10221 already defined
 *** TDatabasePDG::AddParticle: particle with PDGcode=10223 already defined
 *** TDatabasePDG::AddParticle: particle with PDGcode=10311 already defined
 *** TDatabasePDG::AddAntiParticle: can't redefine parameters
 *** TDatabasePDG::AddParticle: particle with PDGcode=10313 already defined
 *** TDatabasePDG::AddAntiParticle: can't redefine parameters
 *** TDatabasePDG::AddParticle: particle with PDGcode=10321 already defined
 *** TDatabasePDG::AddAntiParticle: can't redefine parameters
 *** TDatabasePDG::AddParticle: particle with PDGcode=10323 already defined
 *** TDatabasePDG::AddAntiParticle: can't redefine parameters
 *** TDatabasePDG::AddParticle: particle with PDGcode=10331 already defined
 *** TDatabasePDG::AddParticle: particle with PDGcode=10333 already defined
 *** TDatabasePDG::AddParticle: particle with PDGcode=10411 already defined
 *** TDatabasePDG::AddAntiParticle: can't redefine parameters
 *** TDatabasePDG::AddParticle: particle with PDGcode=10413 already defined
 *** TDatabasePDG::AddAntiParticle: can't redefine parameters
 *** TDatabasePDG::AddParticle: particle with PDGcode=10421 already defined
 *** TDatabasePDG::AddAntiParticle: can't redefine parameters
 *** TDatabasePDG::AddParticle: particle with PDGcode=10423 already defined
 *** TDatabasePDG::AddAntiParticle: can't redefine parameters
 *** TDatabasePDG::AddParticle: particle with PDGcode=10431 already defined
 *** TDatabasePDG::AddAntiParticle: can't redefine parameters
 *** TDatabasePDG::AddParticle: particle with PDGcode=10433 already defined
 *** TDatabasePDG::AddAntiParticle: can't redefine parameters
 *** TDatabasePDG::AddParticle: particle with PDGcode=10441 already defined
 *** TDatabasePDG::AddParticle: particle with PDGcode=10443 already defined
 *** TDatabasePDG::AddParticle: particle with PDGcode=10511 already defined
 *** TDatabasePDG::AddAntiParticle: can't redefine parameters
 *** TDatabasePDG::AddParticle: particle with PDGcode=10513 already defined
 *** TDatabasePDG::AddAntiParticle: can't redefine parameters
 *** TDatabasePDG::AddParticle: particle with PDGcode=10521 already defined
 *** TDatabasePDG::AddAntiParticle: can't redefine parameters
 *** TDatabasePDG::AddParticle: particle with PDGcode=10523 already defined
 *** TDatabasePDG::AddAntiParticle: can't redefine parameters
 *** TDatabasePDG::AddParticle: particle with PDGcode=10531 already defined
 *** TDatabasePDG::AddAntiParticle: can't redefine parameters
 *** TDatabasePDG::AddParticle: particle with PDGcode=10533 already defined
 *** TDatabasePDG::AddAntiParticle: can't redefine parameters
 *** TDatabasePDG::AddParticle: particle with PDGcode=10541 already defined
 *** TDatabasePDG::AddAntiParticle: can't redefine parameters
 *** TDatabasePDG::AddParticle: particle with PDGcode=10543 already defined
 *** TDatabasePDG::AddAntiParticle: can't redefine parameters
 *** TDatabasePDG::AddParticle: particle with PDGcode=10551 already defined
 *** TDatabasePDG::AddParticle: particle with PDGcode=10553 already defined
 *** TDatabasePDG::AddParticle: particle with PDGcode=20113 already defined
 *** TDatabasePDG::AddParticle: particle with PDGcode=20213 already defined
 *** TDatabasePDG::AddAntiParticle: can't redefine parameters
 *** TDatabasePDG::AddParticle: particle with PDGcode=20223 already defined
 *** TDatabasePDG::AddParticle: particle with PDGcode=20313 already defined
 *** TDatabasePDG::AddAntiParticle: can't redefine parameters
 *** TDatabasePDG::AddParticle: particle with PDGcode=20323 already defined
 *** TDatabasePDG::AddAntiParticle: can't redefine parameters
 *** TDatabasePDG::AddParticle: particle with PDGcode=20333 already defined
 *** TDatabasePDG::AddParticle: particle with PDGcode=20413 already defined
 *** TDatabasePDG::AddAntiParticle: can't redefine parameters
 *** TDatabasePDG::AddParticle: particle with PDGcode=20423 already defined
 *** TDatabasePDG::AddAntiParticle: can't redefine parameters
 *** TDatabasePDG::AddParticle: particle with PDGcode=20433 already defined
 *** TDatabasePDG::AddAntiParticle: can't redefine parameters
 *** TDatabasePDG::AddParticle: particle with PDGcode=20443 already defined
 *** TDatabasePDG::AddParticle: particle with PDGcode=20513 already defined
 *** TDatabasePDG::AddAntiParticle: can't redefine parameters
 *** TDatabasePDG::AddParticle: particle with PDGcode=20523 already defined
 *** TDatabasePDG::AddAntiParticle: can't redefine parameters
 *** TDatabasePDG::AddParticle: particle with PDGcode=20533 already defined
 *** TDatabasePDG::AddAntiParticle: can't redefine parameters
 *** TDatabasePDG::AddParticle: particle with PDGcode=20543 already defined
 *** TDatabasePDG::AddAntiParticle: can't redefine parameters
 *** TDatabasePDG::AddParticle: particle with PDGcode=20553 already defined
 *** TDatabasePDG::AddParticle: particle with PDGcode=100443 already defined
 *** TDatabasePDG::AddParticle: particle with PDGcode=100553 already defined
 *** TDatabasePDG::AddParticle: particle with PDGcode=1000001 already defined
 *** TDatabasePDG::AddAntiParticle: can't redefine parameters
 *** TDatabasePDG::AddParticle: particle with PDGcode=1000002 already defined
 *** TDatabasePDG::AddAntiParticle: can't redefine parameters
 *** TDatabasePDG::AddParticle: particle with PDGcode=1000003 already defined
 *** TDatabasePDG::AddAntiParticle: can't redefine parameters
 *** TDatabasePDG::AddParticle: particle with PDGcode=1000004 already defined
 *** TDatabasePDG::AddAntiParticle: can't redefine parameters
 *** TDatabasePDG::AddParticle: particle with PDGcode=1000005 already defined
 *** TDatabasePDG::AddAntiParticle: can't redefine parameters
 *** TDatabasePDG::AddParticle: particle with PDGcode=1000006 already defined
 *** TDatabasePDG::AddAntiParticle: can't redefine parameters
 *** TDatabasePDG::AddParticle: particle with PDGcode=1000011 already defined
 *** TDatabasePDG::AddAntiParticle: can't redefine parameters
 *** TDatabasePDG::AddParticle: particle with PDGcode=1000012 already defined
 *** TDatabasePDG::AddAntiParticle: can't redefine parameters
 *** TDatabasePDG::AddParticle: particle with PDGcode=1000013 already defined
 *** TDatabasePDG::AddAntiParticle: can't redefine parameters
 *** TDatabasePDG::AddParticle: particle with PDGcode=1000014 already defined
 *** TDatabasePDG::AddAntiParticle: can't redefine parameters
 *** TDatabasePDG::AddParticle: particle with PDGcode=1000015 already defined
 *** TDatabasePDG::AddAntiParticle: can't redefine parameters
 *** TDatabasePDG::AddParticle: particle with PDGcode=1000016 already defined
 *** TDatabasePDG::AddAntiParticle: can't redefine parameters
 *** TDatabasePDG::AddParticle: particle with PDGcode=1000021 already defined
 *** TDatabasePDG::AddParticle: particle with PDGcode=1000022 already defined
 *** TDatabasePDG::AddParticle: particle with PDGcode=1000023 already defined
 *** TDatabasePDG::AddParticle: particle with PDGcode=1000024 already defined
 *** TDatabasePDG::AddAntiParticle: can't redefine parameters
 *** TDatabasePDG::AddParticle: particle with PDGcode=1000025 already defined
 *** TDatabasePDG::AddParticle: particle with PDGcode=1000035 already defined
 *** TDatabasePDG::AddParticle: particle with PDGcode=1000037 already defined
 *** TDatabasePDG::AddAntiParticle: can't redefine parameters
 *** TDatabasePDG::AddParticle: particle with PDGcode=1000039 already defined
 *** TDatabasePDG::AddParticle: particle with PDGcode=2000001 already defined
 *** TDatabasePDG::AddAntiParticle: can't redefine parameters
 *** TDatabasePDG::AddParticle: particle with PDGcode=2000002 already defined
 *** TDatabasePDG::AddAntiParticle: can't redefine parameters
 *** TDatabasePDG::AddParticle: particle with PDGcode=2000003 already defined
 *** TDatabasePDG::AddAntiParticle: can't redefine parameters
 *** TDatabasePDG::AddParticle: particle with PDGcode=2000004 already defined
 *** TDatabasePDG::AddAntiParticle: can't redefine parameters
 *** TDatabasePDG::AddParticle: particle with PDGcode=2000005 already defined
 *** TDatabasePDG::AddAntiParticle: can't redefine parameters
 *** TDatabasePDG::AddParticle: particle with PDGcode=2000006 already defined
 *** TDatabasePDG::AddAntiParticle: can't redefine parameters
 *** TDatabasePDG::AddParticle: particle with PDGcode=2000011 already defined
 *** TDatabasePDG::AddAntiParticle: can't redefine parameters
 *** TDatabasePDG::AddParticle: particle with PDGcode=2000012 already defined
 *** TDatabasePDG::AddAntiParticle: can't redefine parameters
 *** TDatabasePDG::AddParticle: particle with PDGcode=2000013 already defined
 *** TDatabasePDG::AddAntiParticle: can't redefine parameters
 *** TDatabasePDG::AddParticle: particle with PDGcode=2000014 already defined
 *** TDatabasePDG::AddAntiParticle: can't redefine parameters
 *** TDatabasePDG::AddParticle: particle with PDGcode=2000015 already defined
 *** TDatabasePDG::AddAntiParticle: can't redefine parameters
 *** TDatabasePDG::AddParticle: particle with PDGcode=2000016 already defined
 *** TDatabasePDG::AddAntiParticle: can't redefine parameters
 *** TDatabasePDG::AddParticle: particle with PDGcode=4000001 already defined
 *** TDatabasePDG::AddAntiParticle: can't redefine parameters
 *** TDatabasePDG::AddParticle: particle with PDGcode=4000002 already defined
 *** TDatabasePDG::AddAntiParticle: can't redefine parameters
 *** TDatabasePDG::AddParticle: particle with PDGcode=4000011 already defined
 *** TDatabasePDG::AddAntiParticle: can't redefine parameters
 *** TDatabasePDG::AddParticle: particle with PDGcode=4000012 already defined
 *** TDatabasePDG::AddAntiParticle: can't redefine parameters
 *** TDatabasePDG::AddParticle: particle with PDGcode=0 already defined
%MSG-i CAFMaker:  CAFMaker:cafmaker@BeginModule 03-Mar-2026 19:16:29 CST  run: 1 subRun: 0 event: 9
   New Trigger Time   = nan us
   New Beam Gate Time =  nan us
%MSG
%MSG-i CAFMaker:  CAFMaker:cafmaker@BeginModule 03-Mar-2026 19:16:29 CST  run: 1 subRun: 0 event: 9
Setting PMT reference time to 0 us
    Trigger Time   = nan us
    Beam Gate Time =  nan us
%MSG
Did not find this event in the spill info map.
03-Mar-2026 19:16:29 CST  Opened output file with pattern "test_flat.root"
%MSG-i FastCloning:  PostProcessEvent 03-Mar-2026 19:16:29 CST  run: 1 subRun: 0 event: 9
Fast cloning event data products from input file.
%MSG
Begin processing the 2nd record. run: 1 subRun: 0 event: 10 at 03-Mar-2026 19:16:29 CST
%MSG-w BackTrackerService:  ProcessEvent 03-Mar-2026 19:16:29 CST  run: 1 subRun: 0 event: 10
Rebuild failed to get the SimChannels. This is expected when running on a generation or simulation step.
%MSG
%MSG-i NuRandomService:  CAFMaker:cafmaker@BeginModule 03-Mar-2026 19:16:29 CST  run: 1 subRun: 0 event: 10
Random seed for this event, engine 'cafmaker.Blinding': 515864510
%MSG
%MSG-i NuRandomService:  CAFMaker:cafmaker@BeginModule 03-Mar-2026 19:16:29 CST  run: 1 subRun: 0 event: 10
Random seed for this event, engine 'cafmaker.FakeReco': 363055108
%MSG
%MSG-i CAFMaker:  CAFMaker:cafmaker@BeginModule 03-Mar-2026 19:16:29 CST  run: 1 subRun: 0 event: 10
   New Trigger Time   = nan us
   New Beam Gate Time =  nan us
%MSG
%MSG-i CAFMaker:  CAFMaker:cafmaker@BeginModule 03-Mar-2026 19:16:29 CST  run: 1 subRun: 0 event: 10
Setting PMT reference time to 0 us
    Trigger Time   = nan us
    Beam Gate Time =  nan us
%MSG
Did not find this event in the spill info map.
Begin processing the 3rd record. run: 1 subRun: 0 event: 12 at 03-Mar-2026 19:16:29 CST
%MSG-w BackTrackerService:  ProcessEvent 03-Mar-2026 19:16:30 CST  run: 1 subRun: 0 event: 12
Rebuild failed to get the SimChannels. This is expected when running on a generation or simulation step.
%MSG
%MSG-i NuRandomService:  CAFMaker:cafmaker@BeginModule 03-Mar-2026 19:16:30 CST  run: 1 subRun: 0 event: 12
Random seed for this event, engine 'cafmaker.Blinding': 391815479
%MSG
%MSG-i NuRandomService:  CAFMaker:cafmaker@BeginModule 03-Mar-2026 19:16:30 CST  run: 1 subRun: 0 event: 12
Random seed for this event, engine 'cafmaker.FakeReco': 203065965
%MSG
%MSG-i CAFMaker:  CAFMaker:cafmaker@BeginModule 03-Mar-2026 19:16:30 CST  run: 1 subRun: 0 event: 12
   New Trigger Time   = nan us
   New Beam Gate Time =  nan us
%MSG
%MSG-i CAFMaker:  CAFMaker:cafmaker@BeginModule 03-Mar-2026 19:16:30 CST  run: 1 subRun: 0 event: 12
Setting PMT reference time to 0 us
    Trigger Time   = nan us
    Beam Gate Time =  nan us
%MSG
Did not find this event in the spill info map.
03-Mar-2026 19:16:31 CST  Closed output file "test_flat.root"
03-Mar-2026 19:16:31 CST  Closed input file "/exp/sbnd/app/users/twester/analysis/filter/gen.root"


CAFMaker: TFileMetadataSBN service not configured -- this CAF will not have any metadata saved.


================================================================================================================================
TimeTracker printout (sec)                        Min           Avg           Max         Median          RMS         nEvts   
================================================================================================================================
Full event                                     0.194857      0.364619       0.65516      0.243841      0.206414         3     
--------------------------------------------------------------------------------------------------------------------------------
source:RootInput(read)                        0.000227987    0.0963685     0.288415     0.000462454    0.135797         3     
runprod:cafmaker:CAFMaker                       0.16164      0.229966      0.318849      0.209409      0.0658058        3     
[art]:TriggerResults:TriggerResultInserter     1.545e-05    2.2527e-05    3.5131e-05      1.7e-05     8.93481e-06       3     
end_path:out:RootOutput                        2.88e-06     6.28033e-06   1.2441e-05     3.52e-06     4.36408e-06       3     
end_path:out:RootOutput(write)                 0.0321356     0.0379223     0.0476673     0.033964     0.00693107        3     
================================================================================================================================

TrigReport ---------- Event summary -------------
TrigReport Events total = 3 passed = 3 failed = 0

TrigReport ---------- Modules in End-path ----------
TrigReport        Run    Success      Error Name
TrigReport          3          3          0 out

TimeReport ---------- Time summary [sec] -------
TimeReport CPU = 1.424549 Real = 3.243776

MemReport  ---------- Memory summary [base-10 MB] ------
MemReport  VmPeak = 10814 VmHWM = 1174.31

Art has completed and will exit with status 0.
